<?xml version="1.0" encoding="UTF-8"?>
<!-- Generated by org.testng.reporters.JUnitReportReporter -->
<testsuite hostname="HP-VT4AJGH6PCH4" failures="0" tests="1" name="api.utilities.excelutility" time="1.674" errors="0" timestamp="2024-10-09T08:42:40 IST" skipped="0">
  <testcase classname="api.utilities.excelutility" name="readexcel" time="1.674"/>
  <system-out/>
</testsuite> <!-- api.utilities.excelutility -->
