<?xml version="1.0" encoding="UTF-8"?>
<!-- Generated by org.testng.reporters.JUnitReportReporter -->
<testsuite hostname="HP-VT4AJGH6PCH4" failures="0" tests="2" name="api.testcases.TC_01" time="2.255" errors="0" timestamp="2024-10-09T21:07:55 IST" skipped="0">
  <testcase classname="api.testcases.TC_01" name="setupdata" time="0.556"/>
  <system-out/>
  <testcase classname="api.testcases.TC_01" name="testpostuser" time="1.699"/>
  <system-out/>
</testsuite> <!-- api.testcases.TC_01 -->
