<?xml version="1.0" encoding="UTF-8"?>
<!-- Generated by org.testng.reporters.JUnitReportReporter -->
<testsuite hostname="HP-VT4AJGH6PCH4" failures="0" tests="7" name="api.testcases.TC_02_DataDrivenTesting" time="21.133" errors="0" timestamp="2024-10-14T17:48:55 IST" skipped="0">
  <testcase classname="api.testcases.TC_02_DataDrivenTesting" name="testPostUser" time="1.858"/>
  <system-out/>
  <testcase classname="api.testcases.TC_02_DataDrivenTesting" name="testPostUser" time="1.929"/>
  <system-out/>
  <testcase classname="api.testcases.TC_02_DataDrivenTesting" name="testPostUser" time="1.721"/>
  <system-out/>
  <testcase classname="api.testcases.TC_02_DataDrivenTesting" name="testPostUser" time="2.069"/>
  <system-out/>
  <testcase classname="api.testcases.TC_02_DataDrivenTesting" name="testPostUser" time="1.977"/>
  <system-out/>
  <testcase classname="api.testcases.TC_02_DataDrivenTesting" name="testPostUser" time="1.737"/>
  <system-out/>
  <testcase classname="api.testcases.TC_02_DataDrivenTesting" name="testPostUser" time="9.842"/>
  <system-out/>
</testsuite> <!-- api.testcases.TC_02_DataDrivenTesting -->
